<?xml version="1.0" encoding="UTF-8"?>
<testsuite xmlns:xsi="http://www.w3.org/2001/XMLSchema-instance" xsi:noNamespaceSchemaLocation="https://maven.apache.org/surefire/maven-surefire-plugin/xsd/surefire-test-report-3.0.xsd" version="3.0" name="tn.coconsultbackend.CoconsultBackendApplicationTests" time="4.245" tests="1" errors="0" skipped="0" failures="0">
  <properties>
[...]
</properties>
  <testcase name="contextLoads" classname="tn.coconsultbackend.CoconsultBackendApplicationTests" time="0.368">
    <system-out><![CDATA[14:46:12.137 [main] INFO org.springframework.test.context.support.AnnotationConfigContextLoaderUtils -- Could not detect default configuration classes for test class [tn.coconsultbackend.CoconsultBackendApplicationTests]: CoconsultBackendApplicationTests does not declare any static, non-private, non-final, nested classes annotated with @Configuration.
14:46:12.244 [main] INFO org.springframework.boot.test.context.SpringBootTestContextBootstrapper -- Found @SpringBootConfiguration tn.coconsultbackend.CoconsultBackendApplication for test class tn.coconsultbackend.CoconsultBackendApplicationTests

  .   ____          _            __ _ _
 /\\ / ___'_ __ _ _(_)_ __  __ _ \ \ \ \
( ( )\___ | '_ | '_| | '_ \/ _` | \ \ \ \
 \\/  ___)| |_)| | | | | || (_| |  ) ) ) )
  '  |____| .__|_| |_|_| |_\__, | / / / /
 =========|_|==============|___/=/_/_/_/

 :: Spring Boot ::                (v3.3.8)

2025-02-19T14:46:12.525+01:00  INFO 25156 --- [COCONSULT-BACKEND] [           main] t.c.CoconsultBackendApplicationTests     : Starting CoconsultBackendApplicationTests using Java 17.0.12 with PID 25156 (started by Msi in C:\Users\Msi\Documents\Cyberknights)
2025-02-19T14:46:12.526+01:00  INFO 25156 --- [COCONSULT-BACKEND] [           main] t.c.CoconsultBackendApplicationTests     : No active profile set, falling back to 1 default profile: "default"
2025-02-19T14:46:13.259+01:00  INFO 25156 --- [COCONSULT-BACKEND] [           main] .s.d.r.c.RepositoryConfigurationDelegate : Bootstrapping Spring Data JPA repositories in DEFAULT mode.
2025-02-19T14:46:13.331+01:00  INFO 25156 --- [COCONSULT-BACKEND] [           main] .s.d.r.c.RepositoryConfigurationDelegate : Finished Spring Data repository scanning in 67 ms. Found 7 JPA repository interfaces.
2025-02-19T14:46:13.694+01:00  INFO 25156 --- [COCONSULT-BACKEND] [           main] o.hibernate.jpa.internal.util.LogHelper  : HHH000204: Processing PersistenceUnitInfo [name: default]
2025-02-19T14:46:13.741+01:00  INFO 25156 --- [COCONSULT-BACKEND] [           main] org.hibernate.Version                    : HHH000412: Hibernate ORM core version 6.5.3.Final
2025-02-19T14:46:13.771+01:00  INFO 25156 --- [COCONSULT-BACKEND] [           main] o.h.c.internal.RegionFactoryInitiator    : HHH000026: Second-level cache disabled
2025-02-19T14:46:14.064+01:00  INFO 25156 --- [COCONSULT-BACKEND] [           main] o.s.o.j.p.SpringPersistenceUnitInfo      : No LoadTimeWeaver setup: ignoring JPA class transformer
2025-02-19T14:46:14.089+01:00  INFO 25156 --- [COCONSULT-BACKEND] [           main] com.zaxxer.hikari.HikariDataSource       : HikariPool-1 - Starting...
2025-02-19T14:46:14.236+01:00  INFO 25156 --- [COCONSULT-BACKEND] [           main] com.zaxxer.hikari.pool.HikariPool        : HikariPool-1 - Added connection org.postgresql.jdbc.PgConnection@762405bf
2025-02-19T14:46:14.238+01:00  INFO 25156 --- [COCONSULT-BACKEND] [           main] com.zaxxer.hikari.HikariDataSource       : HikariPool-1 - Start completed.
2025-02-19T14:46:14.969+01:00  INFO 25156 --- [COCONSULT-BACKEND] [           main] o.h.e.t.j.p.i.JtaPlatformInitiator       : HHH000489: No JTA platform available (set 'hibernate.transaction.jta.platform' to enable JTA platform integration)
Hibernate: 
    create table process (
        id_process bigint generated by default as identity,
        process_name varchar(255),
        primary key (id_process)
    )
Hibernate: 
    create table project (
        id_project bigint generated by default as identity,
        project_name varchar(255),
        primary key (id_project)
    )
2025-02-19T14:46:15.036+01:00  INFO 25156 --- [COCONSULT-BACKEND] [           main] j.LocalContainerEntityManagerFactoryBean : Initialized JPA EntityManagerFactory for persistence unit 'default'
2025-02-19T14:46:15.856+01:00  INFO 25156 --- [COCONSULT-BACKEND] [           main] t.c.CoconsultBackendApplicationTests     : Started CoconsultBackendApplicationTests in 3.495 seconds (process running for 4.483)
]]></system-out>
  </testcase>
</testsuite>