<?xml version="1.0" encoding="UTF-8"?>
<testsuite xmlns:xsi="http://www.w3.org/2001/XMLSchema-instance" xsi:noNamespaceSchemaLocation="https://maven.apache.org/surefire/maven-surefire-plugin/xsd/surefire-test-report-3.0.xsd" version="3.0" name="tn.coconsultbackend.CoconsultBackendApplicationTests" time="9.374" tests="1" errors="0" skipped="0" failures="0">
  <properties>
[...]
</properties>
  <testcase name="contextLoads" classname="tn.coconsultbackend.CoconsultBackendApplicationTests" time="0.868">
    <system-out><![CDATA[15:45:30.577 [main] INFO org.springframework.test.context.support.AnnotationConfigContextLoaderUtils -- Could not detect default configuration classes for test class [tn.coconsultbackend.CoconsultBackendApplicationTests]: CoconsultBackendApplicationTests does not declare any static, non-private, non-final, nested classes annotated with @Configuration.
15:45:30.810 [main] INFO org.springframework.boot.test.context.SpringBootTestContextBootstrapper -- Found @SpringBootConfiguration tn.coconsultbackend.CoconsultBackendApplication for test class tn.coconsultbackend.CoconsultBackendApplicationTests

  .   ____          _            __ _ _
 /\\ / ___'_ __ _ _(_)_ __  __ _ \ \ \ \
( ( )\___ | '_ | '_| | '_ \/ _` | \ \ \ \
 \\/  ___)| |_)| | | | | || (_| |  ) ) ) )
  '  |____| .__|_| |_|_| |_\__, | / / / /
 =========|_|==============|___/=/_/_/_/

 :: Spring Boot ::                (v3.3.8)

2025-02-19T15:45:31.522+01:00  INFO 13544 --- [COCONSULT-BACKEND] [           main] t.c.CoconsultBackendApplicationTests     : Starting CoconsultBackendApplicationTests using Java 17.0.14 with PID 13544 (started by DELL in C:\Users\DELL\OneDrive - ESPRIT\OneDrive\Desktop\PI-DEV\cyberknights)
2025-02-19T15:45:31.525+01:00  INFO 13544 --- [COCONSULT-BACKEND] [           main] t.c.CoconsultBackendApplicationTests     : No active profile set, falling back to 1 default profile: "default"
2025-02-19T15:45:33.006+01:00  INFO 13544 --- [COCONSULT-BACKEND] [           main] .s.d.r.c.RepositoryConfigurationDelegate : Bootstrapping Spring Data JPA repositories in DEFAULT mode.
2025-02-19T15:45:33.200+01:00  INFO 13544 --- [COCONSULT-BACKEND] [           main] .s.d.r.c.RepositoryConfigurationDelegate : Finished Spring Data repository scanning in 164 ms. Found 7 JPA repository interfaces.
2025-02-19T15:45:34.084+01:00  INFO 13544 --- [COCONSULT-BACKEND] [           main] o.hibernate.jpa.internal.util.LogHelper  : HHH000204: Processing PersistenceUnitInfo [name: default]
2025-02-19T15:45:34.236+01:00  INFO 13544 --- [COCONSULT-BACKEND] [           main] org.hibernate.Version                    : HHH000412: Hibernate ORM core version 6.5.3.Final
2025-02-19T15:45:34.336+01:00  INFO 13544 --- [COCONSULT-BACKEND] [           main] o.h.c.internal.RegionFactoryInitiator    : HHH000026: Second-level cache disabled
2025-02-19T15:45:35.009+01:00  INFO 13544 --- [COCONSULT-BACKEND] [           main] o.s.o.j.p.SpringPersistenceUnitInfo      : No LoadTimeWeaver setup: ignoring JPA class transformer
2025-02-19T15:45:35.071+01:00  INFO 13544 --- [COCONSULT-BACKEND] [           main] com.zaxxer.hikari.HikariDataSource       : HikariPool-1 - Starting...
2025-02-19T15:45:35.420+01:00  INFO 13544 --- [COCONSULT-BACKEND] [           main] com.zaxxer.hikari.pool.HikariPool        : HikariPool-1 - Added connection org.postgresql.jdbc.PgConnection@738a815c
2025-02-19T15:45:35.425+01:00  INFO 13544 --- [COCONSULT-BACKEND] [           main] com.zaxxer.hikari.HikariDataSource       : HikariPool-1 - Start completed.
2025-02-19T15:45:37.026+01:00  INFO 13544 --- [COCONSULT-BACKEND] [           main] o.h.e.t.j.p.i.JtaPlatformInitiator       : HHH000489: No JTA platform available (set 'hibernate.transaction.jta.platform' to enable JTA platform integration)
2025-02-19T15:45:37.106+01:00  INFO 13544 --- [COCONSULT-BACKEND] [           main] j.LocalContainerEntityManagerFactoryBean : Initialized JPA EntityManagerFactory for persistence unit 'default'
2025-02-19T15:45:38.689+01:00  INFO 13544 --- [COCONSULT-BACKEND] [           main] t.c.CoconsultBackendApplicationTests     : Started CoconsultBackendApplicationTests in 7.593 seconds (process running for 9.558)
]]></system-out>
  </testcase>
</testsuite>